TN:
SF:/Users/kanzhang/Documents/Job & NewStart Allowance/Job Interview/Entain/technical-task/src/components/RacingBoard.vue
FN:34,(anonymous_1)
FN:59,(anonymous_2)
FN:62,(anonymous_3)
FN:63,(anonymous_4)
FN:65,(anonymous_5)
FN:70,(anonymous_6)
FN:73,(anonymous_7)
FN:78,(anonymous_8)
FN:79,(anonymous_9)
FN:86,(anonymous_10)
FN:94,(anonymous_11)
FN:102,(anonymous_12)
FN:107,(anonymous_13)
FN:108,(anonymous_14)
FN:112,(anonymous_15)
FNF:15
FNH:14
FNDA:5,(anonymous_1)
FNDA:2,(anonymous_2)
FNDA:7,(anonymous_3)
FNDA:10,(anonymous_4)
FNDA:7,(anonymous_5)
FNDA:8,(anonymous_6)
FNDA:50,(anonymous_7)
FNDA:10,(anonymous_8)
FNDA:30,(anonymous_9)
FNDA:29,(anonymous_10)
FNDA:32,(anonymous_11)
FNDA:5,(anonymous_12)
FNDA:5,(anonymous_13)
FNDA:0,(anonymous_14)
FNDA:29,(anonymous_15)
DA:35,5
DA:60,2
DA:63,17
DA:66,9
DA:67,5
DA:70,13
DA:73,55
DA:76,5
DA:79,10
DA:81,30
DA:88,29
DA:92,29
DA:93,29
DA:96,32
DA:103,5
DA:104,5
DA:108,5
DA:109,0
DA:113,29
DA:114,29
DA:115,29
DA:116,29
LF:22
LH:21
BRDA:66,0,0,2
BRDA:66,0,1,5
BRDA:70,1,0,5
BRDA:70,1,1,10
BRDA:79,2,0,2
BRDA:79,2,1,8
BRDA:79,3,0,10
BRDA:79,3,1,10
BRDA:86,4,0,0
BRDA:86,4,1,8
BRDA:79,5,0,8
BRDA:79,5,1,8
BRDA:81,6,0,60
BRDA:81,6,1,120
BRDA:94,7,0,0
BRDA:94,7,1,8
BRDA:86,8,0,8
BRDA:86,8,1,8
BRDA:88,9,0,58
BRDA:88,9,1,116
BRDA:96,10,0,128
BRDA:96,10,1,256
BRDA:116,11,0,28
BRDA:116,11,1,1
BRF:24
BRH:22
end_of_record
TN:
SF:/Users/kanzhang/Documents/Job & NewStart Allowance/Job Interview/Entain/technical-task/src/tests/unit/testData.js
FNF:0
FNH:0
DA:1,1
LF:1
LH:1
BRF:0
BRH:0
end_of_record
